*** Now run 'make gdb'.
***
6828 decimal is 15254 octal!
entering test_backtrace 5
entering test_backtrace 4
entering test_backtrace 3
entering test_backtrace 2
entering test_backtrace 1
entering test_backtrace 0
Stack backtrace:
  ebp f010ff18  eip f01000a1  args 00000000 00000000 00000000 f010004a f0111304
DEBUG: Calling debuginfo_eip for eip f01000a1
DEBUG: stabs=0xf010246c, stab_end=0xf0105e74, num_stabs=1238
DEBUG: stabstr=0xf0105e75, stabstr_end=0xf01074d6
DEBUG: file search for addr 0xf01000a1: lfile=24, rfile=70
DEBUG: function search: lfun=26, rfun=37
DEBUG: found function 'test_backtrace:F(0,1)=(0,1)' at value 0xf0100040, strx=280
DEBUG: debuginfo_eip returned: 0
         kern/init.c:18: test_backtrace+97
  ebp f010ff38  eip f0100076  args 00000000 00000001 f010ff78 f010004a f0111304
DEBUG: Calling debuginfo_eip for eip f0100076
DEBUG: stabs=0xf010246c, stab_end=0xf0105e74, num_stabs=1238
DEBUG: stabstr=0xf0105e75, stabstr_end=0xf01074d6
DEBUG: file search for addr 0xf0100076: lfile=24, rfile=70
DEBUG: function search: lfun=26, rfun=37
DEBUG: found function 'test_backtrace:F(0,1)=(0,1)' at value 0xf0100040, strx=280
DEBUG: debuginfo_eip returned: 0
         kern/init.c:16: test_backtrace+54
  ebp f010ff58  eip f0100076  args 00000001 00000002 f010ff98 f010004a f0111304
DEBUG: Calling debuginfo_eip for eip f0100076
DEBUG: stabs=0xf010246c, stab_end=0xf0105e74, num_stabs=1238
DEBUG: stabstr=0xf0105e75, stabstr_end=0xf01074d6
DEBUG: file search for addr 0xf0100076: lfile=24, rfile=70
DEBUG: function search: lfun=26, rfun=37
DEBUG: found function 'test_backtrace:F(0,1)=(0,1)' at value 0xf0100040, strx=280
DEBUG: debuginfo_eip returned: 0
         kern/init.c:16: test_backtrace+54
  ebp f010ff78  eip f0100076  args 00000002 00000003 f010ffb8 f010004a f0111304
DEBUG: Calling debuginfo_eip for eip f0100076
DEBUG: stabs=0xf010246c, stab_end=0xf0105e74, num_stabs=1238
DEBUG: stabstr=0xf0105e75, stabstr_end=0xf01074d6
DEBUG: file search for addr 0xf0100076: lfile=24, rfile=70
DEBUG: function search: lfun=26, rfun=37
DEBUG: found function 'test_backtrace:F(0,1)=(0,1)' at value 0xf0100040, strx=280
DEBUG: debuginfo_eip returned: 0
         kern/init.c:16: test_backtrace+54
  ebp f010ff98  eip f0100076  args 00000003 00000004 00000000 f010004a f0111304
DEBUG: Calling debuginfo_eip for eip f0100076
DEBUG: stabs=0xf010246c, stab_end=0xf0105e74, num_stabs=1238
DEBUG: stabstr=0xf0105e75, stabstr_end=0xf01074d6
DEBUG: file search for addr 0xf0100076: lfile=24, rfile=70
DEBUG: function search: lfun=26, rfun=37
DEBUG: found function 'test_backtrace:F(0,1)=(0,1)' at value 0xf0100040, strx=280
DEBUG: debuginfo_eip returned: 0
         kern/init.c:16: test_backtrace+54
  ebp f010ffb8  eip f0100076  args 00000004 00000005 00000000 f010004a f0111304
DEBUG: Calling debuginfo_eip for eip f0100076
DEBUG: stabs=0xf010246c, stab_end=0xf0105e74, num_stabs=1238
DEBUG: stabstr=0xf0105e75, stabstr_end=0xf01074d6
DEBUG: file search for addr 0xf0100076: lfile=24, rfile=70
DEBUG: function search: lfun=26, rfun=37
DEBUG: found function 'test_backtrace:F(0,1)=(0,1)' at value 0xf0100040, strx=280
DEBUG: debuginfo_eip returned: 0
         kern/init.c:16: test_backtrace+54
  ebp f010ffd8  eip f01000f4  args 00000005 00001aac 00000660 00000000 00000000
DEBUG: Calling debuginfo_eip for eip f01000f4
DEBUG: stabs=0xf010246c, stab_end=0xf0105e74, num_stabs=1238
DEBUG: stabstr=0xf0105e75, stabstr_end=0xf01074d6
DEBUG: file search for addr 0xf01000f4: lfile=24, rfile=70
DEBUG: function search: lfun=38, rfun=45
DEBUG: found function 'i386_init:F(0,1)' at value 0xf01000a6, strx=380
DEBUG: debuginfo_eip returned: 0
         kern/init.c:39: i386_init+78
  ebp f010fff8  eip f010003e  args 00000003 00001003 00002003 00003003 00004003
DEBUG: Calling debuginfo_eip for eip f010003e
DEBUG: stabs=0xf010246c, stab_end=0xf0105e74, num_stabs=1238
DEBUG: stabstr=0xf0105e75, stabstr_end=0xf01074d6
DEBUG: file search for addr 0xf010003e: lfile=1, rfile=14
DEBUG: function search: lfun=1, rfun=0
DEBUG: debuginfo_eip returned: 0
         kern/entry.S:83: <unknown>+0
leaving test_backtrace 0
leaving test_backtrace 1
leaving test_backtrace 2
leaving test_backtrace 3
leaving test_backtrace 4
leaving test_backtrace 5
Welcome to the JOS kernel monitor!
Type 'help' for a list of commands.
qemu: terminating on signal 15 from pid 4109
